Using pre-set license
Built from '2020.2/release' branch; Version is '2020.2.1f1 (270dd8c3da1c) revision 2559448'; Using compiler version '192528614'; Build Type 'Release'
OS: 'Windows 10  (10.0.0) 64bit' Language: 'es' Physical Memory: 8157 MB
BatchMode: 1, IsHumanControllingUs: 0, StartBugReporterOnCrash: 0, Is64bit: 1, IsPro: 0

 COMMAND LINE ARGUMENTS:
C:\Program Files\Unity\Hub\Editor\2020.2.1f1\Editor\Unity.exe
-adb2
-batchMode
-noUpm
-name
AssetImportWorker0
-projectPath
C:/msys64/home/the_l/UnityPruebaApis/PruebaAPI_GET
-logFile
Logs/AssetImportWorker0.log
-srvPort
60566
Successfully changed project path to: C:/msys64/home/the_l/UnityPruebaApis/PruebaAPI_GET
C:/msys64/home/the_l/UnityPruebaApis/PruebaAPI_GET
Using Asset Import Pipeline V2.
Refreshing native plugins compatible for Editor in 49.28 ms, found 1 plugins.
Preloading 0 native plugins for Editor in 0.00 ms.
Initialize engine version: 2020.2.1f1 (270dd8c3da1c)
[Subsystems] Discovering subsystems at path C:/Program Files/Unity/Hub/Editor/2020.2.1f1/Editor/Data/Resources/UnitySubsystems
[Subsystems] Discovering subsystems at path C:/msys64/home/the_l/UnityPruebaApis/PruebaAPI_GET/Assets
GfxDevice: creating device client; threaded=0
Direct3D:
    Version:  Direct3D 11.0 [level 11.0]
    Renderer: NVIDIA GeForce GTX 750 Ti (ID=0x1380)
    Vendor:   
    VRAM:     2007 MB
    Driver:   27.21.14.5671
Initialize mono
Mono path[0] = 'C:/Program Files/Unity/Hub/Editor/2020.2.1f1/Editor/Data/Managed'
Mono path[1] = 'C:/Program Files/Unity/Hub/Editor/2020.2.1f1/Editor/Data/MonoBleedingEdge/lib/mono/unityjit'
Mono config path = 'C:/Program Files/Unity/Hub/Editor/2020.2.1f1/Editor/Data/MonoBleedingEdge/etc'
Using monoOptions --debugger-agent=transport=dt_socket,embedding=1,server=y,suspend=n,address=127.0.0.1:56016
Begin MonoManager ReloadAssembly
Registering precompiled unity dll's ...
Register platform support module: C:/Program Files/Unity/Hub/Editor/2020.2.1f1/Editor/Data/PlaybackEngines/WebGLSupport/UnityEditor.WebGL.Extensions.dll
Register platform support module: C:/Program Files/Unity/Hub/Editor/2020.2.1f1/Editor/Data/PlaybackEngines/MacStandaloneSupport/UnityEditor.OSXStandalone.Extensions.dll
Register platform support module: C:/Program Files/Unity/Hub/Editor/2020.2.1f1/Editor/Data/PlaybackEngines/WindowsStandaloneSupport/UnityEditor.WindowsStandalone.Extensions.dll
Register platform support module: C:/Program Files/Unity/Hub/Editor/2020.2.1f1/Editor/Data/PlaybackEngines/LinuxStandaloneSupport/UnityEditor.LinuxStandalone.Extensions.dll
Registered in 0.008412 seconds.
Native extension for LinuxStandalone target not found
Native extension for WindowsStandalone target not found
Native extension for OSXStandalone target not found
Native extension for WebGL target not found
Refreshing native plugins compatible for Editor in 38.73 ms, found 1 plugins.
Preloading 0 native plugins for Editor in 0.00 ms.
Invoked RoslynAnalysisRunner static constructor.
RoslynAnalysisRunner will not be running.
RoslynAnalysisRunner has terminated.
Mono: successfully reloaded assembly
- Completed reload, in  6.137 seconds
Platform modules already initialized, skipping
Registering precompiled user dll's ...
Registered in 0.002974 seconds.
Begin MonoManager ReloadAssembly
Native extension for LinuxStandalone target not found
Native extension for WindowsStandalone target not found
Native extension for OSXStandalone target not found
Native extension for WebGL target not found
Refreshing native plugins compatible for Editor in 41.35 ms, found 1 plugins.
Preloading 0 native plugins for Editor in 0.00 ms.
Invoked RoslynAnalysisRunner static constructor.
RoslynAnalysisRunner will not be running.
RoslynAnalysisRunner has terminated.
Mono: successfully reloaded assembly
- Completed reload, in  1.152 seconds
Platform modules already initialized, skipping
========================================================================
Worker process is ready to serve import requests
Launched and connected shader compiler UnityShaderCompiler.exe after 0.07 seconds
Refreshing native plugins compatible for Editor in 0.69 ms, found 1 plugins.
Preloading 0 native plugins for Editor in 0.00 ms.
Unloading 1792 Unused Serialized files (Serialized files now loaded: 0)
System memory in use before: 83.8 MB.
System memory in use after: 83.8 MB.

Unloading 24 unused Assets to reduce memory usage. Loaded Objects now: 2232.
Total: 2.362900 ms (FindLiveObjects: 0.241700 ms CreateObjectMapping: 0.108600 ms MarkObjects: 1.884500 ms  DeleteObjects: 0.126300 ms)

========================================================================
Received Import Request.
  path: Assets/Scripts/Get.cs
  artifactKey: Guid(80e1e0973d361664a9a291201cf63e55) Importer(815301076,1909f56bfc062723c751e8b465ee728b)
Start importing Assets/Scripts/Get.cs using Guid(80e1e0973d361664a9a291201cf63e55) Importer(815301076,1909f56bfc062723c751e8b465ee728b)  -> (artifact id: '6ab39fdd7cb7ab6d3bb69a340d8134c4') in 0.046934 seconds
  Import took 0.049753 seconds .

========================================================================
Received Import Request.
  Time since last request: 90.510310 seconds.
  path: Assets/Scripts/Get.cs
  artifactKey: Guid(80e1e0973d361664a9a291201cf63e55) Importer(815301076,1909f56bfc062723c751e8b465ee728b)
Start importing Assets/Scripts/Get.cs using Guid(80e1e0973d361664a9a291201cf63e55) Importer(815301076,1909f56bfc062723c751e8b465ee728b)  -> (artifact id: '0aefd00dd8925a60978287ad8d17d9fb') in 0.008014 seconds
  Import took 0.011681 seconds .

========================================================================
Received Import Request.
  Time since last request: 0.001305 seconds.
  path: Assets/Scripts/Get.cs
  artifactKey: Guid(80e1e0973d361664a9a291201cf63e55) Importer(815301076,1909f56bfc062723c751e8b465ee728b)
Start importing Assets/Scripts/Get.cs using Guid(80e1e0973d361664a9a291201cf63e55) Importer(815301076,1909f56bfc062723c751e8b465ee728b)  -> (artifact id: '0aefd00dd8925a60978287ad8d17d9fb') in 0.005605 seconds
  Import took 0.013832 seconds .

========================================================================
Received Import Request.
  Time since last request: 155.283344 seconds.
  path: Assets/Scripts/Get.cs
  artifactKey: Guid(80e1e0973d361664a9a291201cf63e55) Importer(815301076,1909f56bfc062723c751e8b465ee728b)
Start importing Assets/Scripts/Get.cs using Guid(80e1e0973d361664a9a291201cf63e55) Importer(815301076,1909f56bfc062723c751e8b465ee728b)  -> (artifact id: '5d5eed7238aba0c372f56411070fddd2') in 0.016107 seconds
  Import took 0.019923 seconds .

========================================================================
Received Import Request.
  Time since last request: 501.779968 seconds.
  path: Assets/Scripts/Get.cs
  artifactKey: Guid(80e1e0973d361664a9a291201cf63e55) Importer(815301076,1909f56bfc062723c751e8b465ee728b)
Start importing Assets/Scripts/Get.cs using Guid(80e1e0973d361664a9a291201cf63e55) Importer(815301076,1909f56bfc062723c751e8b465ee728b)  -> (artifact id: '3ee33f885a49c056bb36ae54f4a93ea6') in 0.014277 seconds
  Import took 0.019608 seconds .

========================================================================
Received Import Request.
  Time since last request: 0.001120 seconds.
  path: Assets/Scripts/Get.cs
  artifactKey: Guid(80e1e0973d361664a9a291201cf63e55) Importer(815301076,1909f56bfc062723c751e8b465ee728b)
Start importing Assets/Scripts/Get.cs using Guid(80e1e0973d361664a9a291201cf63e55) Importer(815301076,1909f56bfc062723c751e8b465ee728b)  -> (artifact id: '3ee33f885a49c056bb36ae54f4a93ea6') in 0.008816 seconds
  Import took 0.016110 seconds .

========================================================================
Received Import Request.
  Time since last request: 223.643270 seconds.
  path: Assets/Scripts/Get.cs
  artifactKey: Guid(80e1e0973d361664a9a291201cf63e55) Importer(815301076,1909f56bfc062723c751e8b465ee728b)
Start importing Assets/Scripts/Get.cs using Guid(80e1e0973d361664a9a291201cf63e55) Importer(815301076,1909f56bfc062723c751e8b465ee728b)  -> (artifact id: '22c3a670f529daf73d7054182b989190') in 0.006916 seconds
  Import took 0.016273 seconds .

========================================================================
Received Import Request.
  Time since last request: 0.001630 seconds.
  path: Assets/Scripts/Get.cs
  artifactKey: Guid(80e1e0973d361664a9a291201cf63e55) Importer(815301076,1909f56bfc062723c751e8b465ee728b)
Start importing Assets/Scripts/Get.cs using Guid(80e1e0973d361664a9a291201cf63e55) Importer(815301076,1909f56bfc062723c751e8b465ee728b)  -> (artifact id: '22c3a670f529daf73d7054182b989190') in 0.002833 seconds
  Import took 0.006269 seconds .

========================================================================
Received Import Request.
  Time since last request: 95.810151 seconds.
  path: Assets/Scripts/Get.cs
  artifactKey: Guid(80e1e0973d361664a9a291201cf63e55) Importer(815301076,1909f56bfc062723c751e8b465ee728b)
Start importing Assets/Scripts/Get.cs using Guid(80e1e0973d361664a9a291201cf63e55) Importer(815301076,1909f56bfc062723c751e8b465ee728b)  -> (artifact id: '3230727c3a915053c402f549ff14772f') in 0.008355 seconds
  Import took 0.017059 seconds .

========================================================================
Received Import Request.
  Time since last request: 0.001442 seconds.
  path: Assets/Scripts/Get.cs
  artifactKey: Guid(80e1e0973d361664a9a291201cf63e55) Importer(815301076,1909f56bfc062723c751e8b465ee728b)
Start importing Assets/Scripts/Get.cs using Guid(80e1e0973d361664a9a291201cf63e55) Importer(815301076,1909f56bfc062723c751e8b465ee728b)  -> (artifact id: '3230727c3a915053c402f549ff14772f') in 0.003265 seconds
  Import took 0.011731 seconds .

========================================================================
Received Import Request.
  Time since last request: 5.229658 seconds.
  path: Assets/Scripts/Get.cs
  artifactKey: Guid(80e1e0973d361664a9a291201cf63e55) Importer(815301076,1909f56bfc062723c751e8b465ee728b)
Start importing Assets/Scripts/Get.cs using Guid(80e1e0973d361664a9a291201cf63e55) Importer(815301076,1909f56bfc062723c751e8b465ee728b)  -> (artifact id: '6c1ea2a121476b710bd8053f7adc5094') in 0.009882 seconds
  Import took 0.022305 seconds .

========================================================================
Received Import Request.
  Time since last request: 62.435953 seconds.
  path: Assets/Scripts/Get.cs
  artifactKey: Guid(80e1e0973d361664a9a291201cf63e55) Importer(815301076,1909f56bfc062723c751e8b465ee728b)
Start importing Assets/Scripts/Get.cs using Guid(80e1e0973d361664a9a291201cf63e55) Importer(815301076,1909f56bfc062723c751e8b465ee728b)  -> (artifact id: '7b5fe17216f5c4625d4c658a62772420') in 0.013058 seconds
  Import took 0.017016 seconds .

========================================================================
Received Import Request.
  Time since last request: 0.000620 seconds.
  path: Assets/Scripts/Get.cs
  artifactKey: Guid(80e1e0973d361664a9a291201cf63e55) Importer(815301076,1909f56bfc062723c751e8b465ee728b)
Start importing Assets/Scripts/Get.cs using Guid(80e1e0973d361664a9a291201cf63e55) Importer(815301076,1909f56bfc062723c751e8b465ee728b)  -> (artifact id: '7b5fe17216f5c4625d4c658a62772420') in 0.003044 seconds
  Import took 0.006563 seconds .

========================================================================
Received Import Request.
  Time since last request: 102.362261 seconds.
  path: Assets/Scripts/Get.cs
  artifactKey: Guid(80e1e0973d361664a9a291201cf63e55) Importer(815301076,1909f56bfc062723c751e8b465ee728b)
Start importing Assets/Scripts/Get.cs using Guid(80e1e0973d361664a9a291201cf63e55) Importer(815301076,1909f56bfc062723c751e8b465ee728b)  -> (artifact id: 'ec3125ade5892618828968da554d421b') in 0.019574 seconds
  Import took 0.024796 seconds .

========================================================================
Received Import Request.
  Time since last request: 8.056474 seconds.
  path: Assets/Scripts/Get.cs
  artifactKey: Guid(80e1e0973d361664a9a291201cf63e55) Importer(815301076,1909f56bfc062723c751e8b465ee728b)
Start importing Assets/Scripts/Get.cs using Guid(80e1e0973d361664a9a291201cf63e55) Importer(815301076,1909f56bfc062723c751e8b465ee728b)  -> (artifact id: '6939e0851672297deda07435a6eb824b') in 0.006908 seconds
  Import took 0.011199 seconds .

========================================================================
Received Prepare
Registering precompiled user dll's ...
Registered in 0.000960 seconds.
Begin MonoManager ReloadAssembly
Native extension for LinuxStandalone target not found
Native extension for WindowsStandalone target not found
Native extension for OSXStandalone target not found
Native extension for WebGL target not found
Refreshing native plugins compatible for Editor in 0.33 ms, found 1 plugins.
Preloading 0 native plugins for Editor in 0.00 ms.
Invoked RoslynAnalysisRunner static constructor.
RoslynAnalysisRunner will not be running.
RoslynAnalysisRunner has terminated.
Mono: successfully reloaded assembly
- Completed reload, in  0.818 seconds
Platform modules already initialized, skipping
Refreshing native plugins compatible for Editor in 0.39 ms, found 1 plugins.
Preloading 0 native plugins for Editor in 0.00 ms.
Unloading 1787 Unused Serialized files (Serialized files now loaded: 0)
System memory in use before: 83.9 MB.
System memory in use after: 83.9 MB.

Unloading 12 unused Assets to reduce memory usage. Loaded Objects now: 2235.
Total: 2.041300 ms (FindLiveObjects: 0.186800 ms CreateObjectMapping: 0.071900 ms MarkObjects: 1.676600 ms  DeleteObjects: 0.104900 ms)

AssetImportWorkerClient::OnTransportError - code=2 error=End of file
